$ vite "--port" "3001"
[2m17:44:10[22m [31m[1m[vite][22m[39m [31mhttp proxy error: /api/training/runs/ELIC__bsds-train__gt__1784107118[39m
AggregateError [ECONNREFUSED]: 
    at internalConnectMultiple (node:net:1134:18)
    at afterConnectMultiple (node:net:1715:7)
[2m17:44:10[22m [31m[1m[vite][22m[39m [31m[2m(client)[22m[39m [2m[console.error] [22mAPI Error: AxiosError: Request failed with status code 502
    at settle (http://localhost:3001/infraredComp/node_modules/.vite/deps/axios.js?v=03331c9d:1838:14)
    at XMLHttpRequest.onloadend (http://localhost:3001/infraredComp/node_modules/.vite/deps/axios.js?v=03331c9d:2231:4)
[2m17:44:10[22m [31m[1m[vite][22m[39m [31mhttp proxy error: /api/training/runs[39m
AggregateError [ECONNREFUSED]: 
    at internalConnectMultiple (node:net:1134:18)
    at afterConnectMultiple (node:net:1715:7)
[2m17:44:10[22m [31m[1m[vite][22m[39m [31mhttp proxy error: /api/training/checkpoints[39m
AggregateError [ECONNREFUSED]: 
    at internalConnectMultiple (node:net:1134:18)
    at afterConnectMultiple (node:net:1715:7)
[2m17:44:10[22m [31m[1m[vite][22m[39m [31m[2m(client)[22m[39m [2m[console.error] [22mAPI Error: AxiosError: Request failed with status code 502
    at settle (http://localhost:3001/infraredComp/node_modules/.vite/deps/axios.js?v=03331c9d:1838:14)
    at XMLHttpRequest.onloadend (http://localhost:3001/infraredComp/node_modules/.vite/deps/axios.js?v=03331c9d:2231:4)
[2m17:44:10[22m [31m[1m[vite][22m[39m [31m[2m(client)[22m[39m [2m[console.error] [22mAPI Error: AxiosError: Request failed with status code 502
    at settle (http://localhost:3001/infraredComp/node_modules/.vite/deps/axios.js?v=03331c9d:1838:14)
    at XMLHttpRequest.onloadend (http://localhost:3001/infraredComp/node_modules/.vite/deps/axios.js?v=03331c9d:2231:4)
